<?xml version="1.0" encoding="UTF-8"?>
<testng-results skipped="0" failed="0" ignored="0" total="1" passed="1">
  <reporter-output>
  </reporter-output>
  <suite name="Default suite" duration-ms="3634" started-at="2019-10-20T16:51:25Z" finished-at="2019-10-20T16:51:29Z">
    <groups>
    </groups>
    <test name="Default test" duration-ms="3634" started-at="2019-10-20T16:51:25Z" finished-at="2019-10-20T16:51:29Z">
      <class name="new1.GetDirectionDuration">
        <test-method status="PASS" signature="setup()[pri:0, instance:new1.GetDirectionDuration@7193666c]" name="setup" is-config="true" duration-ms="710" started-at="2019-10-20T16:51:25Z" finished-at="2019-10-20T16:51:26Z">
          <reporter-output>
          </reporter-output>
        </test-method> <!-- setup -->
        <test-method status="PASS" signature="statusCode()[pri:0, instance:new1.GetDirectionDuration@7193666c]" name="statusCode" duration-ms="2881" started-at="2019-10-20T16:51:26Z" finished-at="2019-10-20T16:51:29Z">
          <reporter-output>
          </reporter-output>
        </test-method> <!-- statusCode -->
      </class> <!-- new1.GetDirectionDuration -->
    </test> <!-- Default test -->
  </suite> <!-- Default suite -->
</testng-results>
